3/15/2017 10:44:17 PM	This log contains information about the import schema operation into project 'dummydataApp' on computer 'SAIF' by user 'saifullah'.
3/15/2017 10:44:18 PM	Import of database schema has started.
3/15/2017 10:44:19 PM	Gathering database options
3/15/2017 10:44:19 PM	Gathering users
3/15/2017 10:44:19 PM	Gathering roles
3/15/2017 10:44:19 PM	Gathering application roles
3/15/2017 10:44:19 PM	Gathering role memberships
3/15/2017 10:44:19 PM	Gathering filegroups
3/15/2017 10:44:19 PM	Gathering full-text catalogs
3/15/2017 10:44:19 PM	Gathering assemblies
3/15/2017 10:44:19 PM	Gathering certificates
3/15/2017 10:44:19 PM	Gathering asymmetric keys
3/15/2017 10:44:19 PM	Gathering symmetric keys
3/15/2017 10:44:19 PM	Gathering encrypted symmetric keys
3/15/2017 10:44:19 PM	Gathering schemas
3/15/2017 10:44:19 PM	Gathering XML schema collections
3/15/2017 10:44:19 PM	Gathering user-defined data types
3/15/2017 10:44:19 PM	Gathering user-defined types
3/15/2017 10:44:19 PM	Gathering table types
3/15/2017 10:44:19 PM	Gathering unique keys for table types
3/15/2017 10:44:19 PM	Gathering primary keys for table types
3/15/2017 10:44:19 PM	Gathering indexes for table types
3/15/2017 10:44:19 PM	Gathering check constraints for table types
3/15/2017 10:44:19 PM	Gathering default constraints for table types
3/15/2017 10:44:19 PM	Gathering partition functions
3/15/2017 10:44:19 PM	Gathering partition schemes
3/15/2017 10:44:19 PM	Gathering functions
3/15/2017 10:44:19 PM	Gathering encrypted functions
3/15/2017 10:44:19 PM	Gathering aggregates
3/15/2017 10:44:19 PM	Gathering procedures
3/15/2017 10:44:19 PM	Gathering encrypted procedures
3/15/2017 10:44:19 PM	Gathering tables
3/15/2017 10:44:19 PM	Gathering primary keys
3/15/2017 10:44:19 PM	Gathering unique constraints
3/15/2017 10:44:19 PM	Gathering foreign keys
3/15/2017 10:44:19 PM	Gathering default constraints
3/15/2017 10:44:19 PM	Gathering check constraints
3/15/2017 10:44:19 PM	Gathering views
3/15/2017 10:44:19 PM	Gathering encrypted views
3/15/2017 10:44:19 PM	Gathering indexes
3/15/2017 10:44:19 PM	Gathering statistics
3/15/2017 10:44:19 PM	Gathering full-text index stoplists
3/15/2017 10:44:19 PM	Gathering search property lists
3/15/2017 10:44:19 PM	Gathering search properties
3/15/2017 10:44:19 PM	Gathering full-text indexes
3/15/2017 10:44:19 PM	Gathering column store indexes
3/15/2017 10:44:19 PM	Gathering spatial indexes
3/15/2017 10:44:19 PM	Gathering XML indexes
3/15/2017 10:44:19 PM	Gathering Selective XML indexes
3/15/2017 10:44:19 PM	Gathering encrypted triggers
3/15/2017 10:44:19 PM	Gathering triggers
3/15/2017 10:44:19 PM	Gathering encrypted and clr ddl triggers
3/15/2017 10:44:19 PM	Gathering ddl triggers
3/15/2017 10:44:19 PM	Gathering synonyms
3/15/2017 10:44:19 PM	Gathering defaults
3/15/2017 10:44:19 PM	Gathering data constraint uddt bindings
3/15/2017 10:44:19 PM	Gathering rules
3/15/2017 10:44:19 PM	Gathering data constraint uddt bindings
3/15/2017 10:44:19 PM	Gathering message types
3/15/2017 10:44:19 PM	Gathering queues
3/15/2017 10:44:19 PM	Gathering contracts
3/15/2017 10:44:19 PM	Gathering services
3/15/2017 10:44:19 PM	Gathering event notifications
3/15/2017 10:44:19 PM	Gathering remote service bindings
3/15/2017 10:44:19 PM	Gathering broker priorities
3/15/2017 10:44:19 PM	Gathering signatures
3/15/2017 10:44:19 PM	Gathering data compression options
3/15/2017 10:44:19 PM	Gathering sequence types
3/15/2017 10:44:19 PM	Gathering security policies
3/15/2017 10:44:19 PM	Gather column encryption keys
3/15/2017 10:44:19 PM	Gathering column master keys
3/15/2017 10:44:19 PM	Gathering external data sources
3/15/2017 10:44:19 PM	Gathering external file formats
3/15/2017 10:44:19 PM	Gathering external tables
3/15/2017 10:44:19 PM	Gathering extended properties
3/15/2017 10:44:19 PM	Gathering credentials
3/15/2017 10:44:19 PM	Gathering logins
3/15/2017 10:44:19 PM	Gathering server audits
3/15/2017 10:44:22 PM	Finished importing database.
3/15/2017 10:44:22 PM	A summary of the import was saved to the following location: C:\Users\saifullah\Documents\Visual Studio 2015\Projects\dummydataApp\Import Schema Logs\dummydataApp_20170315054417.log
3/15/2017 10:44:22 PM	Click Finish to continue...
